2013/03/25 14:27:08 [error] [php] mail() [<a href='function.mail'>function.mail</a>]: Failed to connect to mailserver at &quot;localhost&quot; port 25, verify your &quot;SMTP&quot; and &quot;smtp_port&quot; setting in php.ini or use ini_set() (E:\wamp\www\demo\protected\controllers\SiteController.php:67)
Stack trace:
#0 E:\wamp\www\yii\framework\web\CController.php(308): CInlineAction->runWithParams()
#1 E:\wamp\www\yii\framework\web\CController.php(286): SiteController->runAction()
#2 E:\wamp\www\yii\framework\web\CController.php(265): SiteController->runActionWithFilters()
#3 E:\wamp\www\yii\framework\web\CWebApplication.php(282): SiteController->run()
#4 E:\wamp\www\yii\framework\web\CWebApplication.php(141): CWebApplication->runController()
#5 E:\wamp\www\yii\framework\base\CApplication.php(169): CWebApplication->processRequest()
#6 E:\wamp\www\demo\index.php(13): CWebApplication->run()
REQUEST_URI=/demo/index.php?r=site/contact
in E:\wamp\www\demo\protected\controllers\SiteController.php (67)
in E:\wamp\www\demo\index.php (13)
2013/03/25 15:17:10 [error] [exception.CHttpException.404] exception 'CHttpException' with message 'Unable to resolve the request "usre".' in E:\wamp\www\yii\framework\web\CWebApplication.php:286
Stack trace:
#0 E:\wamp\www\yii\framework\web\CWebApplication.php(141): CWebApplication->runController('usre')
#1 E:\wamp\www\yii\framework\base\CApplication.php(169): CWebApplication->processRequest()
#2 E:\wamp\www\demo\index.php(13): CApplication->run()
#3 {main}
REQUEST_URI=/demo/index.php?r=usre
---
2013/04/06 03:05:43 [error] [exception.CException] exception 'CException' with message 'Property "SiteController.effect" is not defined.' in E:\wamp\www\yii\framework\base\CComponent.php:130
Stack trace:
#0 E:\wamp\www\demo\protected\views\site\index.php(36): CComponent->__get('effect')
#1 E:\wamp\www\yii\framework\web\CBaseController.php(126): require('E:\wamp\www\dem...')
#2 E:\wamp\www\yii\framework\web\CBaseController.php(95): CBaseController->renderInternal('E:\wamp\www\dem...', Array, true)
#3 E:\wamp\www\yii\framework\web\CController.php(869): CBaseController->renderFile('E:\wamp\www\dem...', Array, true)
#4 E:\wamp\www\yii\framework\web\CController.php(782): CController->renderPartial('index', Array, true)
#5 E:\wamp\www\demo\protected\controllers\SiteController.php(35): CController->render('index', Array)
#6 E:\wamp\www\yii\framework\web\actions\CInlineAction.php(49): SiteController->actionIndex()
#7 E:\wamp\www\yii\framework\web\CController.php(308): CInlineAction->runWithParams(Array)
#8 E:\wamp\www\yii\framework\web\CController.php(286): CController->runAction(Object(CInlineAction))
#9 E:\wamp\www\yii\framework\web\CController.php(265): CController->runActionWithFilters(Object(CInlineAction), Array)
#10 E:\wamp\www\yii\framework\web\CWebApplication.php(282): CController->run('')
#11 E:\wamp\www\yii\framework\web\CWebApplication.php(141): CWebApplication->runController('')
#12 E:\wamp\www\yii\framework\base\CApplication.php(169): CWebApplication->processRequest()
#13 E:\wamp\www\demo\index.php(13): CApplication->run()
#14 {main}
REQUEST_URI=/demo/
HTTP_REFERER=http://localhost/
---
